<?xml version="1.0" encoding="UTF-8"?>
<testsuite name="com.adventure.MT2" tests="1" skipped="0" failures="0" errors="0" timestamp="2024-02-02T00:42:24" hostname="Dell-Latitude-3520" time="0.063">
  <properties/>
  <testcase name="canOpenDoor()" classname="com.adventure.MT2" time="0.063"/>
  <system-out><![CDATA[]]></system-out>
  <system-err><![CDATA[]]></system-err>
</testsuite>
