<?xml version="1.0" encoding="UTF-8"?>
<testsuite name="com.adventure.MT1" tests="1" skipped="0" failures="0" errors="0" timestamp="2024-02-01T23:29:49" hostname="Dell-Latitude-3520" time="0.056">
  <properties/>
  <testcase name="smokeTest()" classname="com.adventure.MT1" time="0.056"/>
  <system-out><![CDATA[]]></system-out>
  <system-err><![CDATA[]]></system-err>
</testsuite>
