<?xml version="1.0" encoding="UTF-8"?>
<testsuite name="com.adventure.MT3" tests="10" skipped="0" failures="0" errors="0" timestamp="2024-02-03T22:19:09" hostname="Dell-Latitude-3520" time="1.168">
  <properties/>
  <testcase name="testPlayerMovementInvalid()" classname="com.adventure.MT3" time="0.065"/>
  <testcase name="testPlayerMovementEast()" classname="com.adventure.MT3" time="0.004"/>
  <testcase name="testPlayerMovementWest()" classname="com.adventure.MT3" time="0.002"/>
  <testcase name="testInvalidMoveInput()" classname="com.adventure.MT3" time="1.049"/>
  <testcase name="testPrompt2()" classname="com.adventure.MT3" time="0.005"/>
  <testcase name="checkMoveInputEast()" classname="com.adventure.MT3" time="0.004"/>
  <testcase name="checkMoveInputWest()" classname="com.adventure.MT3" time="0.003"/>
  <testcase name="testUseInput()" classname="com.adventure.MT3" time="0.018"/>
  <testcase name="checkSimpleInput()" classname="com.adventure.MT3" time="0.004"/>
  <testcase name="testPrompt()" classname="com.adventure.MT3" time="0.003"/>
  <system-out><![CDATA[]]></system-out>
  <system-err><![CDATA[]]></system-err>
</testsuite>
